<?xml version="1.0" encoding="UTF-8"?>
<!-- Generated by org.testng.reporters.JUnitXMLReporter -->
<testsuite ignored="1" hostname="QTINA901X2GM" failures="0" tests="3" name="Default test" time="1.118" errors="0" timestamp="2023-04-14T15:08:54 IST">
  <testcase classname="api.test.DataD_tests" name="testPostuser" time="0.007"/>
  <testcase classname="api.test.DataD_tests" name="testPostuser" time="0.0"/>
  <testcase classname="api.test.DataD_tests" name="testPostuser" time="0.001"/>
  <testcase classname="api.test.DataD_tests" name="testDeleteUserByName" time="0.0">
    <ignored/>
  </testcase> <!-- testDeleteUserByName -->
</testsuite> <!-- Default test -->
