<?xml version="1.0" encoding="UTF-8"?>
<!-- Generated by org.testng.reporters.JUnitXMLReporter -->
<testsuite ignored="0" hostname="QTINA901X2GM" failures="1" tests="2" name="chrome" time="2.895" errors="0" timestamp="2023-04-10T17:42:49 IST">
  <testcase classname="api.test.UserTests" name="testPostuser" time="2.614"/>
  <testcase classname="api.test.UserTests" name="testPostuser" time="2.626">
    <failure type="java.lang.NullPointerException" message="Cannot invoke &amp;quot;com.aventstack.extentreports.ExtentReports.createTest(String, String)&amp;quot; because &amp;quot;this.extent&amp;quot; is null">
      <![CDATA[java.lang.NullPointerException: Cannot invoke "com.aventstack.extentreports.ExtentReports.createTest(String, String)" because "this.extent" is null
at api.utilities.ExtendsReportsManager.onTestSuccess(ExtendsReportsManager.java:46)
at java.base/java.util.ArrayList.forEach(ArrayList.java:1511)
... Removed 24 stack frames]]>
    </failure>
  </testcase> <!-- testPostuser -->
</testsuite> <!-- chrome -->
